
========================================================

========================================================

========================================================

========================================================

========================================================

========================================================

========================================================

========================================================
[90m18:12:33[39m Uploading icon Windows èµ„æºç®¡ç†å™¨
[90m18:12:35[39m Icon uploaded Windows èµ„æºç®¡ç†å™¨
[90m18:12:39[39m Uploading icon Visual Studio Code
[90m18:12:40[39m Icon uploaded Visual Studio Code
[90m18:13:33[39m Uploading icon Visual Studio Code
[90m18:13:35[39m Icon uploaded Visual Studio Code
[90m18:13:37[39m Uploading icon Visual Studio Code
[90m18:13:37[39m Icon uploaded Visual Studio Code
[90m18:13:58[39m Uploading icon Visual Studio Code

========================================================
[90m18:14:02[39m Uploading icon QQ
[90m18:14:03[39m Icon uploaded QQ https://object.innei.in/process-icon/QQ.png
[90m18:14:04[39m Uploading icon Visual Studio Code
[90m18:14:04[39m Icon uploaded Visual Studio Code https://object.innei.in/process-icon/Visual Studio Code.png
[90m18:14:08[39m Uploading icon Visual Studio Code
[90m18:14:08[39m Icon uploaded Visual Studio Code https://object.innei.in/process-icon/Visual Studio Code.png
[90m18:14:09[39m Uploading icon Visual Studio Code
[90m18:14:09[39m Uploading icon Visual Studio Code
[90m18:14:10[39m Uploading icon Google Chrome
[90m18:14:10[39m Uploading icon Google Chrome
[90m18:14:10[39m Uploading icon Google Chrome
[90m18:14:10[39m Uploading icon Google Chrome
[90m18:14:10[39m Uploading icon Google Chrome (repeated 11 times)
[90m18:14:10[39m Icon uploaded Visual Studio Code https://object.innei.in/process-icon/Visual Studio Code.png
[90m18:14:10[39m Uploading icon Google Chrome
[90m18:14:10[39m Uploading icon Google Chrome
[90m18:14:10[39m Icon uploaded Google Chrome https://object.innei.in/process-icon/Google Chrome.png
[90m18:14:10[39m Icon uploaded Visual Studio Code https://object.innei.in/process-icon/Visual Studio Code.png
[90m18:14:11[39m Icon uploaded Google Chrome https://object.innei.in/process-icon/Google Chrome.png
[90m18:14:11[39m Icon uploaded Google Chrome https://object.innei.in/process-icon/Google Chrome.png
[90m18:14:11[39m Icon uploaded Google Chrome https://object.innei.in/process-icon/Google Chrome.png
[90m18:14:11[39m Icon uploaded Google Chrome https://object.innei.in/process-icon/Google Chrome.png
[90m18:14:13[39m Icon uploaded Google Chrome https://object.innei.in/process-icon/Google Chrome.png (repeated 7 times)
[90m18:14:13[39m Uploading icon Google Chrome
[90m18:14:13[39m Icon uploaded Google Chrome https://object.innei.in/process-icon/Google Chrome.png
[90m18:14:14[39m Uploading icon Visual Studio Code
[90m18:14:14[39m Icon uploaded Google Chrome https://object.innei.in/process-icon/Google Chrome.png
[90m18:14:14[39m Icon uploaded Google Chrome https://object.innei.in/process-icon/Google Chrome.png
[90m18:14:14[39m Icon uploaded Google Chrome https://object.innei.in/process-icon/Google Chrome.png
[90m18:14:14[39m Icon uploaded Visual Studio Code https://object.innei.in/process-icon/Visual Studio Code.png
[90m18:14:14[39m Icon uploaded Google Chrome https://object.innei.in/process-icon/Google Chrome.png
[90m18:14:15[39m Icon uploaded Google Chrome https://object.innei.in/process-icon/Google Chrome.png

========================================================
[90m18:18:13[39m Uploading icon Google Chrome
[90m18:18:15[39m Icon uploaded Google Chrome https://object.innei.in/process-icon/c6cba357e7705fbc2cb8741a18f5f212.png
[90m18:18:16[39m Uploading icon Visual Studio Code
[90m18:18:17[39m Icon uploaded Visual Studio Code https://object.innei.in/process-icon/c2784c957fef28dac32f34b42547a93d.png

========================================================
[90m18:18:50[39m Uploading icon Visual Studio Code
[90m18:18:52[39m Icon uploaded Visual Studio Code https://object.innei.in/process-icon/eaf8ef5680fa0e306eb5de0983a1b7c1.png

========================================================
[90m18:19:32[39m AbortError: Fetch request aborted
[90m18:19:32[39m Uploading icon Windows èµ„æºç®¡ç†å™¨
[90m18:19:32[39m AbortError: Fetch request aborted
[90m18:19:33[39m Icon uploaded Windows èµ„æºç®¡ç†å™¨ https://object.innei.in/process-icon/cce5023ff189588d2627b22faba8081b.png
[90m18:19:34[39m { ok: 1,
  mediaInfo: null,
  process: 'Code',
  processInfo: { name: 'Code', description: 'å†™ç  -> uploader.ts - process-reporter-win-cli' },
  timestamp: 1707214772288 }
[90m18:19:36[39m { ok: 1,
  mediaInfo: null,
  process: 'Code',
  processInfo: { name: 'Code', description: 'å†™ç  -> pusher.ts - process-reporter-win-cli' },
  timestamp: 1707214774437 }
[90m18:19:37[39m { ok: 1,
  mediaInfo: null,
  process: 'Code',
  processInfo: { name: 'Code', description: 'å†™ç  -> â— pusher.ts - process-reporter-win-cli' },
  timestamp: 1707214775851 }
[90m18:19:38[39m { ok: 1,
  mediaInfo: null,
  process: 'Code',
  processInfo: { name: 'Code', description: 'å†™ç  -> pusher.ts - process-reporter-win-cli' },
  timestamp: 1707214777230 }

========================================================
[90m18:19:41[39m Uploading icon Windows èµ„æºç®¡ç†å™¨
[90m18:19:41[39m { ok: 1,
  mediaInfo: null,
  process: 'Windows èµ„æºç®¡ç†å™¨',
  processInfo: { name: 'Windows èµ„æºç®¡ç†å™¨', description: '' },
  timestamp: 1707214779832 }
[90m18:19:41[39m Icon uploaded Windows èµ„æºç®¡ç†å™¨ https://object.innei.in/process-icon/2ac6c990e9226fea1cd9afa1aff64718.png
[90m18:19:42[39m { ok: 1,
  mediaInfo: null,
  process: 'Code',
  processInfo: { name: 'Code', description: 'å†™ç  -> pusher.ts - process-reporter-win-cli' },
  timestamp: 1707214780833 }
[90m18:20:05[39m { ok: 1,
  mediaInfo: null,
  process: 'Code',
  processInfo: { name: 'Code', description: 'å†™ç  -> uploader.ts - process-reporter-win-cli' },
  timestamp: 1707214804233 }
[90m18:20:09[39m { ok: 1,
  mediaInfo: null,
  process: 'Code',
  processInfo: { name: 'Code', description: 'å†™ç  -> configs.ts - process-reporter-win-cli' },
  timestamp: 1707214807734 }

========================================================

========================================================
[90m18:22:11[39m { ok: 1,
  mediaInfo: null,
  process: 'Windows èµ„æºç®¡ç†å™¨',
  processInfo: { name: 'Windows èµ„æºç®¡ç†å™¨', description: 'git' },
  timestamp: 1707214930063 }
[90m18:22:13[39m { ok: 1,
  mediaInfo: null,
  process: 'Code',
  processInfo: { name: 'Code', description: 'å†™ç  -> configs.ts - process-reporter-win-cli' },
  timestamp: 1707214931445 }
[90m18:22:15[39m { ok: 1,
  mediaInfo: null,
  process: 'Code',
  processInfo: { name: 'Code', description: 'å†™ç  -> Visual Studio Code' },
  timestamp: 1707214934179 }
[90m18:22:16[39m { ok: 1,
  mediaInfo: null,
  process: 'Code',
  processInfo: { name: 'Code', description: 'å†™ç  -> configs.ts - process-reporter-win-cli' },
  timestamp: 1707214935245 }
[90m18:22:16[39m { ok: 1,
  mediaInfo: null,
  process: 'Code',
  processInfo: { name: 'Code', description: 'å†™ç  -> Visual Studio Code' },
  timestamp: 1707214935316 }
[90m18:22:18[39m { ok: 1,
  mediaInfo: null,
  process: 'Code',
  processInfo: { name: 'Code', description: 'å†™ç  -> configs.ts - process-reporter-win-cli' },
  timestamp: 1707214936553 }
[90m18:22:18[39m { ok: 1,
  mediaInfo: null,
  process: 'Code',
  processInfo: { name: 'Code', description: 'å†™ç  -> Visual Studio Code' },
  timestamp: 1707214937192 }
[90m18:22:22[39m { ok: 1,
  mediaInfo: null,
  process: 'Code',
  processInfo: { name: 'Code', description: 'å†™ç  -> configs.ts - process-reporter-win-cli' },
  timestamp: 1707214941017 }

========================================================
[90m18:22:32[39m Uploading icon Windows èµ„æºç®¡ç†å™¨
[90m18:22:33[39m { ok: 1,
  mediaInfo: null,
  process: 'Windows èµ„æºç®¡ç†å™¨',
  processInfo: { name: 'Windows èµ„æºç®¡ç†å™¨', description: 'git' },
  timestamp: 1707214951743 }
[90m18:22:33[39m Uploaded to S3 { '$metadata':
   { httpStatusCode: 200,
     requestId: undefined,
     extendedRequestId: undefined,
     cfId: undefined,
     attempts: 1,
     totalRetryDelay: 0 },
  ETag: '"32e027025a22e6109fbe6308c4e4a190"',
  VersionId: '7e72820f29ebecfa9b8e8b7140bb5a27' }
[90m18:22:33[39m Icon uploaded Windows èµ„æºç®¡ç†å™¨ https://object.innei.in/process_icons/cce5023ff189588d2627b22faba8081b.png
[90m18:22:34[39m Uploading icon Visual Studio Code
[90m18:22:34[39m { ok: 1,
  mediaInfo: null,
  process: 'Code',
  processInfo: { name: 'Code', description: 'å†™ç  -> configs.ts - process-reporter-win-cli' },
  timestamp: 1707214953168 }
[90m18:22:35[39m Uploaded to S3 { '$metadata':
   { httpStatusCode: 200,
     requestId: undefined,
     extendedRequestId: undefined,
     cfId: undefined,
     attempts: 1,
     totalRetryDelay: 0 },
  ETag: '"0783c5f21a9fa125dba8af11422e35b0"',
  VersionId: '7e72820f24d5a30eb8cd32df86128a20' }
[90m18:22:35[39m Icon uploaded Visual Studio Code https://object.innei.in/process_icons/eaf8ef5680fa0e306eb5de0983a1b7c1.png
[90m18:22:44[39m { ok: 1,
  mediaInfo: null,
  process: 'Code',
  processInfo: { name: 'Code', description: 'å†™ç  -> Visual Studio Code' },
  timestamp: 1707214963102 }
[90m18:22:46[39m { ok: 1,
  mediaInfo: null,
  process: 'Code',
  processInfo: { name: 'Code', description: 'å†™ç  -> configs.ts - process-reporter-win-cli' },
  timestamp: 1707214964406 }
[90m18:22:48[39m { ok: 1,
  mediaInfo: null,
  process: 'Code',
  processInfo: { name: 'Code', description: 'å†™ç  -> configs.ts - process-reporter-win-cli' },
  timestamp: 1707214966499 }
[90m18:22:48[39m AbortError: Fetch request aborted
[90m18:22:48[39m AbortError: Fetch request aborted
[90m18:22:48[39m AbortError: Fetch request aborted
[90m18:22:48[39m AbortError: Fetch request aborted
[90m18:22:48[39m AbortError: Fetch request aborted
[90m18:22:48[39m AbortError: Fetch request aborted
[90m18:22:48[39m AbortError: Fetch request aborted (repeated 8 times)
[90m18:22:48[39m Uploading icon Google Chrome
[90m18:22:48[39m Uploading icon Google Chrome
[90m18:22:48[39m Uploading icon Google Chrome
[90m18:22:48[39m Uploading icon Google Chrome
[90m18:22:48[39m Uploading icon Google Chrome
[90m18:22:48[39m Uploading icon Google Chrome (repeated 10 times)
[90m18:22:48[39m { ok: 1,
  mediaInfo: null,
  process: 'Google Chrome',
  processInfo: { name: 'Google Chrome', description: 'æ­£åœ¨æµè§ˆ -> æ— æ ‡é¢˜ - Google Chrome' },
  timestamp: 1707214966783 }
[90m18:22:48[39m AbortError: Fetch request aborted
[90m18:22:48[39m Uploading icon Google Chrome
[90m18:22:48[39m Uploading icon Google Chrome
[90m18:22:48[39m { ok: 1,
  mediaInfo: null,
  process: 'Google Chrome',
  processInfo: { name: 'Google Chrome', description: 'æ­£åœ¨æµè§ˆ -> Not Found - Google Chrome' },
  timestamp: 1707214966923 }
[90m18:22:48[39m Uploaded to S3 { '$metadata':
   { httpStatusCode: 200,
     requestId: undefined,
     extendedRequestId: undefined,
     cfId: undefined,
     attempts: 1,
     totalRetryDelay: 0 },
  ETag: '"4e91250e1170c04a63c534f8e7148d4a"',
  VersionId: '7e72820eefdea7546300c89d305336f0' }
[90m18:22:48[39m Icon uploaded Google Chrome https://object.innei.in/process_icons/7185c3c3c707a3fc5f2d73a3208e5878.png
[90m18:22:49[39m Uploaded to S3 { '$metadata':
   { httpStatusCode: 200,
     requestId: undefined,
     extendedRequestId: undefined,
     cfId: undefined,
     attempts: 1,
     totalRetryDelay: 0 },
  ETag: '"4e91250e1170c04a63c534f8e7148d4a"',
  VersionId: '7e72820eeeb71379c9d6f612cd42b92f' }
[90m18:22:49[39m Icon uploaded Google Chrome https://object.innei.in/process_icons/7185c3c3c707a3fc5f2d73a3208e5878.png
[90m18:22:49[39m Uploaded to S3 { '$metadata':
   { httpStatusCode: 200,
     requestId: undefined,
     extendedRequestId: undefined,
     cfId: undefined,
     attempts: 1,
     totalRetryDelay: 0 },
  ETag: '"4e91250e1170c04a63c534f8e7148d4a"',
  VersionId: '7e72820eee980bdf9a4dd38857216137' }
[90m18:22:49[39m Icon uploaded Google Chrome https://object.innei.in/process_icons/7185c3c3c707a3fc5f2d73a3208e5878.png
[90m18:22:49[39m Uploaded to S3 { '$metadata':
   { httpStatusCode: 200,
     requestId: undefined,
     extendedRequestId: undefined,
     cfId: undefined,
     attempts: 1,
     totalRetryDelay: 0 },
  ETag: '"4e91250e1170c04a63c534f8e7148d4a"',
  VersionId: '7e72820eedb0d2fb7368d8b47e3ddf2f' }
[90m18:22:49[39m Icon uploaded Google Chrome https://object.innei.in/process_icons/7185c3c3c707a3fc5f2d73a3208e5878.png
[90m18:22:49[39m Uploaded to S3 { '$metadata':
   { httpStatusCode: 200,
     requestId: undefined,
     extendedRequestId: undefined,
     cfId: undefined,
     attempts: 1,
     totalRetryDelay: 0 },
  ETag: '"4e91250e1170c04a63c534f8e7148d4a"',
  VersionId: '7e72820eee945c03445db9f4c3f64f72' }
[90m18:22:49[39m Icon uploaded Google Chrome https://object.innei.in/process_icons/7185c3c3c707a3fc5f2d73a3208e5878.png
[90m18:22:50[39m Uploaded to S3 { '$metadata':
   { httpStatusCode: 200,
     requestId: undefined,
     extendedRequestId: undefined,
     cfId: undefined,
     attempts: 1,
     totalRetryDelay: 0 },
  ETag: '"4e91250e1170c04a63c534f8e7148d4a"',
  VersionId: '7e72820eea9dd7e444c9a0b7d2caf5c8' }
[90m18:22:50[39m Icon uploaded Google Chrome https://object.innei.in/process_icons/7185c3c3c707a3fc5f2d73a3208e5878.png
[90m18:22:50[39m Uploaded to S3 { '$metadata':
   { httpStatusCode: 200,
     requestId: undefined,
     extendedRequestId: undefined,
     cfId: undefined,
     attempts: 1,
     totalRetryDelay: 0 },
  ETag: '"4e91250e1170c04a63c534f8e7148d4a"',
  VersionId: '7e72820eee837fc6e720496c2894ef81' }
[90m18:22:50[39m Icon uploaded Google Chrome https://object.innei.in/process_icons/7185c3c3c707a3fc5f2d73a3208e5878.png
[90m18:22:50[39m Uploaded to S3 { '$metadata':
   { httpStatusCode: 200,
     requestId: undefined,
     extendedRequestId: undefined,
     cfId: undefined,
     attempts: 2,
     totalRetryDelay: 174 },
  ETag: '"4e91250e1170c04a63c534f8e7148d4a"',
  VersionId: '7e72820ee8ada3a20e01d2fb8e9f44c8' }
[90m18:22:50[39m Icon uploaded Google Chrome https://object.innei.in/process_icons/7185c3c3c707a3fc5f2d73a3208e5878.png
[90m18:22:50[39m Uploaded to S3 { '$metadata':
   { httpStatusCode: 200,
     requestId: undefined,
     extendedRequestId: undefined,
     cfId: undefined,
     attempts: 2,
     totalRetryDelay: 189 },
  ETag: '"4e91250e1170c04a63c534f8e7148d4a"',
  VersionId: '7e72820ee7f1bea20eea820079264195' }
[90m18:22:50[39m Icon uploaded Google Chrome https://object.innei.in/process_icons/7185c3c3c707a3fc5f2d73a3208e5878.png
[90m18:22:51[39m Uploaded to S3 { '$metadata':
   { httpStatusCode: 200,
     requestId: undefined,
     extendedRequestId: undefined,
     cfId: undefined,
     attempts: 2,
     totalRetryDelay: 118 },
  ETag: '"4e91250e1170c04a63c534f8e7148d4a"',
  VersionId: '7e72820ee7ad30bc16ff09e118e8e621' }
[90m18:22:51[39m Icon uploaded Google Chrome https://object.innei.in/process_icons/7185c3c3c707a3fc5f2d73a3208e5878.png
[90m18:22:51[39m { ok: 1,
  mediaInfo: null,
  process: 'Google Chrome',
  processInfo:
   { name: 'Google Chrome',
     description: "æ­£åœ¨æµè§ˆ -> javascript - 'AbortError: The operation was aborted.'" },
  timestamp: 1707214969635 }
[90m18:22:51[39m Uploaded to S3 { '$metadata':
   { httpStatusCode: 200,
     requestId: undefined,
     extendedRequestId: undefined,
     cfId: undefined,
     attempts: 2,
     totalRetryDelay: 7 },
  ETag: '"4e91250e1170c04a63c534f8e7148d4a"',
  VersionId: '7e72820ee7cc3191d1e336fad41a03c8' }
[90m18:22:51[39m Icon uploaded Google Chrome https://object.innei.in/process_icons/7185c3c3c707a3fc5f2d73a3208e5878.png
[90m18:22:51[39m Uploaded to S3 { '$metadata':
   { httpStatusCode: 200,
     requestId: undefined,
     extendedRequestId: undefined,
     cfId: undefined,
     attempts: 2,
     totalRetryDelay: 478 },
  ETag: '"4e91250e1170c04a63c534f8e7148d4a"',
  VersionId: '7e72820ee5480d742396ea432b84e022' }
[90m18:22:51[39m Icon uploaded Google Chrome https://object.innei.in/process_icons/7185c3c3c707a3fc5f2d73a3208e5878.png
[90m18:22:51[39m { ok: 1,
  mediaInfo: null,
  process: 'Code',
  processInfo: { name: 'Code', description: 'å†™ç  -> configs.ts - process-reporter-win-cli' },
  timestamp: 1707214970082 }
[90m18:22:52[39m Uploaded to S3 { '$metadata':
   { httpStatusCode: 200,
     requestId: undefined,
     extendedRequestId: undefined,
     cfId: undefined,
     attempts: 2,
     totalRetryDelay: 235 },
  ETag: '"4e91250e1170c04a63c534f8e7148d4a"',
  VersionId: '7e72820ee6e6187d00e667c08aa6f56c' }
[90m18:22:52[39m Icon uploaded Google Chrome https://object.innei.in/process_icons/7185c3c3c707a3fc5f2d73a3208e5878.png
[90m18:22:52[39m Uploaded to S3 { '$metadata':
   { httpStatusCode: 200,
     requestId: undefined,
     extendedRequestId: undefined,
     cfId: undefined,
     attempts: 2,
     totalRetryDelay: 170 },
  ETag: '"4e91250e1170c04a63c534f8e7148d4a"',
  VersionId: '7e72820ee6826b3ce145248f53d750a5' }
[90m18:22:52[39m Icon uploaded Google Chrome https://object.innei.in/process_icons/7185c3c3c707a3fc5f2d73a3208e5878.png
[90m18:22:52[39m Uploaded to S3 { '$metadata':
   { httpStatusCode: 200,
     requestId: undefined,
     extendedRequestId: undefined,
     cfId: undefined,
     attempts: 2,
     totalRetryDelay: 407 },
  ETag: '"4e91250e1170c04a63c534f8e7148d4a"',
  VersionId: '7e72820ee74420b3ab7d2497434195a6' }
[90m18:22:52[39m Icon uploaded Google Chrome https://object.innei.in/process_icons/7185c3c3c707a3fc5f2d73a3208e5878.png

========================================================
[90m18:26:29[39m { ok: 1,
  mediaInfo: null,
  process: 'Windows èµ„æºç®¡ç†å™¨',
  processInfo: { name: 'Windows èµ„æºç®¡ç†å™¨', description: '' },
  timestamp: 1707215187683 }
[90m18:26:31[39m { ok: 1,
  mediaInfo: null,
  process: 'Code',
  processInfo: { name: 'Code', description: 'å†™ç  -> configs.ts - process-reporter-win-cli' },
  timestamp: 1707215189668 }
[90m18:26:31[39m { ok: 1,
  mediaInfo: null,
  process: 'Code',
  processInfo:
   { name: 'Code',
     description: 'å†™ç  -> Visual Studio Code-icon.png - process-reporter-win-cli' },
  timestamp: 1707215189795 }
[90m18:26:34[39m { ok: 1,
  mediaInfo: null,
  process: 'Code',
  processInfo: { name: 'Code', description: 'å†™ç  -> configs.ts - process-reporter-win-cli' },
  timestamp: 1707215192993 }

========================================================
[90m18:27:33[39m AbortError: Fetch request aborted
[90m18:27:34[39m { ok: 1,
  mediaInfo: null,
  process: 'Code',
  processInfo: { name: 'Code', description: 'å†™ç  -> configs.ts - process-reporter-win-cli' },
  timestamp: 1707215252449 }
[90m18:27:35[39m { ok: 1,
  mediaInfo: null,
  process: 'Code',
  processInfo:
   { name: 'Code',
     description: 'å†™ç  -> Visual Studio Code-icon.png - process-reporter-win-cli' },
  timestamp: 1707215253501 }
[90m18:27:35[39m { ok: 1,
  mediaInfo: null,
  process: 'Code',
  processInfo:
   { name: 'Code',
     description: 'å†™ç  -> Windows èµ„æºç®¡ç†å™¨-icon.png - process-reporter-win-cli' },
  timestamp: 1707215253974 }
[90m18:27:36[39m { ok: 1,
  mediaInfo: null,
  process: 'Code',
  processInfo: { name: 'Code', description: 'å†™ç  -> configs.ts - process-reporter-win-cli' },
  timestamp: 1707215254917 }

========================================================

========================================================

========================================================
[90m18:28:11[39m Uploading icon Windows èµ„æºç®¡ç†å™¨
[90m18:28:11[39m { ok: 1,
  mediaInfo: null,
  process: 'Windows èµ„æºç®¡ç†å™¨',
  processInfo: { name: 'Windows èµ„æºç®¡ç†å™¨', description: '' },
  timestamp: 1707215289755 }
[90m18:28:11[39m Uploaded to S3 { '$metadata':
   { httpStatusCode: 200,
     requestId: undefined,
     extendedRequestId: undefined,
     cfId: undefined,
     attempts: 1,
     totalRetryDelay: 0 },
  ETag: '"653f03543a2e8273aaafdca039e71a11"',
  VersionId: '7e72820a018d88d4524a64f0bcb0d9f4' }
[90m18:28:11[39m Icon uploaded Windows èµ„æºç®¡ç†å™¨ https://object.innei.in/process_icons/cce5023ff189588d2627b22faba8081b.png
[90m18:28:12[39m Uploading icon Visual Studio Code
[90m18:28:12[39m { ok: 1,
  mediaInfo: null,
  process: 'Code',
  processInfo: { name: 'Code', description: 'å†™ç  -> configs.ts - process-reporter-win-cli' },
  timestamp: 1707215290941 }
[90m18:28:12[39m Uploaded to S3 { '$metadata':
   { httpStatusCode: 200,
     requestId: undefined,
     extendedRequestId: undefined,
     cfId: undefined,
     attempts: 1,
     totalRetryDelay: 0 },
  ETag: '"327061ca4266be2880384ccb676788c9"',
  VersionId: '7e728209fd635540eed267044f8405d0' }
[90m18:28:12[39m Icon uploaded Visual Studio Code https://object.innei.in/process_icons/eaf8ef5680fa0e306eb5de0983a1b7c1.png
[90m18:28:15[39m { ok: 1,
  mediaInfo: null,
  process: 'Windows èµ„æºç®¡ç†å™¨',
  processInfo: { name: 'Windows èµ„æºç®¡ç†å™¨', description: '' },
  timestamp: 1707215294088 }

========================================================
[90m18:31:12[39m Uploading icon Visual Studio Code

========================================================
[90m18:31:52[39m Uploading icon Windows èµ„æºç®¡ç†å™¨
[90m18:31:52[39m { ok: 1,
  mediaInfo: null,
  process: 'Windows èµ„æºç®¡ç†å™¨',
  processInfo: { name: 'Windows èµ„æºç®¡ç†å™¨', description: '' },
  timestamp: 1707215510678 }
[90m18:31:53[39m Uploaded to S3 { '$metadata':
   { httpStatusCode: 200,
     requestId: undefined,
     extendedRequestId: undefined,
     cfId: undefined,
     attempts: 1,
     totalRetryDelay: 0 },
  ETag: '"653f03543a2e8273aaafdca039e71a11"',
  VersionId: '7e728206a193aae2f583fc74e7abbdcf' }
[90m18:31:53[39m Icon uploaded Windows èµ„æºç®¡ç†å™¨ https://object.innei.in/process_icons/cce5023ff189588d2627b22faba8081b.png
[90m18:31:54[39m Uploading icon Visual Studio Code
[90m18:31:54[39m { ok: 1,
  mediaInfo: null,
  process: 'Code',
  processInfo: { name: 'Code', description: 'å†™ç  -> uploader.ts - process-reporter-win-cli' },
  timestamp: 1707215512611 }
[90m18:31:54[39m Uploading icon Visual Studio Code
[90m18:31:54[39m { ok: 1,
  mediaInfo: null,
  process: 'Code',
  processInfo:
   { name: 'Code',
     description: 'å†™ç  -> temp-1707215512094.png - process-reporter-win-cli' },
  timestamp: 1707215512703 }
[90m18:31:54[39m Uploaded to S3 { '$metadata':
   { httpStatusCode: 200,
     requestId: undefined,
     extendedRequestId: undefined,
     cfId: undefined,
     attempts: 1,
     totalRetryDelay: 0 },
  ETag: '"327061ca4266be2880384ccb676788c9"',
  VersionId: '7e7282069b89735e1c9b6d61fa55c556' }
[90m18:31:54[39m Icon uploaded Visual Studio Code https://object.innei.in/process_icons/eaf8ef5680fa0e306eb5de0983a1b7c1.png
[90m18:31:54[39m Uploaded to S3 { '$metadata':
   { httpStatusCode: 200,
     requestId: undefined,
     extendedRequestId: undefined,
     cfId: undefined,
     attempts: 1,
     totalRetryDelay: 0 },
  ETag: '"327061ca4266be2880384ccb676788c9"',
  VersionId: '7e7282069a787ad829cb2747d1b469d4' }
[90m18:31:54[39m Icon uploaded Visual Studio Code https://object.innei.in/process_icons/eaf8ef5680fa0e306eb5de0983a1b7c1.png
[90m18:31:55[39m { ok: 1,
  mediaInfo: null,
  process: 'Code',
  processInfo:
   { name: 'Code',
     description: 'å†™ç  -> temp-1707215514215.png - process-reporter-win-cli' },
  timestamp: 1707215514156 }
[90m18:31:56[39m { ok: 1,
  mediaInfo: null,
  process: 'Code',
  processInfo:
   { name: 'Code',
     description: 'å†™ç  -> temp-1707215514305.png - process-reporter-win-cli' },
  timestamp: 1707215514701 }
[90m18:32:50[39m { ok: 1,
  mediaInfo: null,
  process: 'Code',
  processInfo: { name: 'Code', description: 'å†™ç  -> uploader.ts - process-reporter-win-cli' },
  timestamp: 1707215568665 }

========================================================
[90m18:38:57[39m Uploading icon Google Chrome
[90m18:38:57[39m AbortError: Fetch request aborted
[90m18:38:58[39m { ok: 1,
  mediaInfo: null,
  process: 'Code',
  processInfo: { name: 'Code', description: 'å†™ç  -> uploader.ts - process-reporter-win-cli' },
  timestamp: 1707215936392 }
[90m18:38:59[39m Uploaded to S3 { '$metadata':
   { httpStatusCode: 200,
     requestId: undefined,
     extendedRequestId: undefined,
     cfId: undefined,
     attempts: 1,
     totalRetryDelay: 0 },
  ETag: '"18a035b3b6c76b814b39f480e9119078"',
  VersionId: '7e72820020c06b438447852b6f0cf1e3' }
[90m18:38:59[39m Icon uploaded Google Chrome https://object.innei.in/process_icons/7185c3c3c707a3fc5f2d73a3208e5878.png
[90m18:39:05[39m { ok: 1,
  mediaInfo: null,
  process: 'Code',
  processInfo: { name: 'Code', description: 'å†™ç  -> uploader.ts - process-reporter-win-cli' },
  timestamp: 1707215943491 }
[90m18:39:07[39m { ok: 1,
  mediaInfo: null,
  process: 'Google Chrome',
  processInfo:
   { name: 'Google Chrome',
     description: "æ­£åœ¨æµè§ˆ -> javascript - 'AbortError: The operation was aborted.'" },
  timestamp: 1707215945405 }
[90m18:39:07[39m { ok: 1,
  mediaInfo: null,
  process: 'Code',
  processInfo: { name: 'Code', description: 'å†™ç  -> uploader.ts - process-reporter-win-cli' },
  timestamp: 1707215945727 }

========================================================

========================================================
[90m18:42:03[39m AbortError: Fetch request aborted
[90m18:42:03[39m AbortError: Fetch request aborted
[90m18:42:03[39m AbortError: Fetch request aborted
[90m18:42:03[39m AbortError: Fetch request aborted
[90m18:42:03[39m AbortError: Fetch request aborted
[90m18:42:03[39m AbortError: Fetch request aborted
[90m18:42:03[39m AbortError: Fetch request aborted (repeated 28 times)
[90m18:42:03[39m { ok: 1,
  mediaInfo: null,
  process: 'Google Chrome',
  processInfo: { name: 'Google Chrome', description: 'æ­£åœ¨æµè§ˆ -> æ–°æ ‡ç­¾é¡µ - Google Chrome' },
  timestamp: 1707216122276 }
[90m18:42:04[39m AbortError: Fetch request aborted
[90m18:42:04[39m AbortError: Fetch request aborted
[90m18:42:04[39m AbortError: Fetch request aborted
[90m18:42:04[39m AbortError: Fetch request aborted
[90m18:42:04[39m AbortError: Fetch request aborted
[90m18:42:04[39m AbortError: Fetch request aborted (repeated 2 times)
[90m18:42:04[39m { ok: 1,
  mediaInfo: null,
  process: 'Google Chrome',
  processInfo: { name: 'Google Chrome', description: 'æ­£åœ¨æµè§ˆ -> æ–°æ ‡ç­¾é¡µ - Google Chrome' },
  timestamp: 1707216122608 }
[90m18:42:05[39m AbortError: Fetch request aborted
[90m18:42:05[39m AbortError: Fetch request aborted
[90m18:42:05[39m AbortError: Fetch request aborted
[90m18:42:05[39m AbortError: Fetch request aborted
[90m18:42:05[39m AbortError: Fetch request aborted
[90m18:42:05[39m AbortError: Fetch request aborted (repeated 21 times)
[90m18:42:05[39m { ok: 1,
  mediaInfo: null,
  process: 'Google Chrome',
  processInfo: { name: 'Google Chrome', description: 'æ­£åœ¨æµè§ˆ -> æ–°æ ‡ç­¾é¡µ - Google Chrome' },
  timestamp: 1707216123525 }
[90m18:42:05[39m AbortError: Fetch request aborted
[90m18:42:05[39m { ok: 1,
  mediaInfo: null,
  process: 'Google Chrome',
  processInfo: { name: 'Google Chrome', description: 'æ­£åœ¨æµè§ˆ -> GitHub - Google Chrome' },
  timestamp: 1707216123684 }
[90m18:42:06[39m { ok: 1,
  mediaInfo: null,
  process: 'Google Chrome',
  processInfo: { name: 'Google Chrome', description: 'æ­£åœ¨æµè§ˆ -> GitHub - Google Chrome' },
  timestamp: 1707216124424 }
[90m18:42:09[39m { ok: 1,
  mediaInfo: null,
  process: 'Google Chrome',
  processInfo: { name: 'Google Chrome', description: 'æ­£åœ¨æµè§ˆ -> GitHub - Google Chrome' },
  timestamp: 1707216128078 }
[90m18:42:09[39m AbortError: Fetch request aborted
[90m18:42:09[39m { ok: 1,
  mediaInfo: null,
  process: 'Google Chrome',
  processInfo:
   { name: 'Google Chrome', description: 'æ­£åœ¨æµè§ˆ -> Your Repositories - Google Chrome' },
  timestamp: 1707216128280 }
[90m18:42:10[39m { ok: 1,
  mediaInfo: null,
  process: 'Google Chrome',
  processInfo:
   { name: 'Google Chrome', description: 'æ­£åœ¨æµè§ˆ -> Your Repositories - Google Chrome' },
  timestamp: 1707216128532 }
[90m18:42:12[39m AbortError: Fetch request aborted
[90m18:42:12[39m { ok: 1,
  mediaInfo: null,
  process: 'Google Chrome',
  processInfo:
   { name: 'Google Chrome', description: 'æ­£åœ¨æµè§ˆ -> New repository - Google Chrome' },
  timestamp: 1707216130709 }
[90m18:42:24[39m { ok: 1,
  mediaInfo: null,
  process: 'Code',
  processInfo: { name: 'Code', description: 'å†™ç  -> uploader.ts - process-reporter-win-cli' },
  timestamp: 1707216142928 }
